2022-11-10T20:06:59+00:00 CRITICAL Uncaught TypeError: Cannot access offset of type string on string in /home/deb131041n2/domains/somashome.be/public_html/wp-includes/rest-api/class-wp-rest-server.php:804
Stack trace:
#0 /home/deb131041n2/domains/somashome.be/public_html/wp-includes/rest-api.php(109): WP_REST_Server->register_route()
#1 /home/deb131041n2/domains/somashome.be/public_html/wp-content/themes/martfury/functions.php(522): register_rest_route()
#2 /home/deb131041n2/domains/somashome.be/public_html/wp-includes/class-wp-hook.php(307): {closure}()
#3 /home/deb131041n2/domains/somashome.be/public_html/wp-includes/class-wp-hook.php(331): WP_Hook->apply_filters()
#4 /home/deb131041n2/domains/somashome.be/public_html/wp-includes/plugin.php(476): WP_Hook->do_action()
#5 /home/deb131041n2/domains/somashome.be/public_html/wp-includes/rest-api.php(561): do_action()
#6 /home/deb131041n2/domains/somashome.be/public_html/wp-includes/rest-api.php(387): rest_get_server()
#7 /home/deb131041n2/domains/somashome.be/public_html/wp-includes/class-wp-hook.php(307): rest_api_loaded()
#8 /home/deb131041n2/domains/somashome.be/public_html/wp-includes/class-wp-hook.php(331): WP_Hook->apply_filters()
#9 /home/deb131041n2/domains/somashome.be/public_html/wp-includes/plugin.php(524): WP_Hook->do_action()
#10 /home/deb131041n2/domains/somashome.be/public_html/wp-includes/class-wp.php(398): do_action_ref_array()
#11 /home/deb131041n2/domains/somashome.be/public_html/wp-includes/class-wp.php(770): WP->parse_request()
#12 /home/deb131041n2/domains/somashome.be/public_html/wp-includes/functions.php(1330): WP->main()
#13 /home/deb131041n2/domains/somashome.be/public_html/wp-blog-header.php(16): wp()
#14 /home/deb131041n2/domains/somashome.be/public_html/index.php(17): require('/home/deb131041...')
#15 {main}
  thrown in /home/deb131041n2/domains/somashome.be/public_html/wp-includes/rest-api/class-wp-rest-server.php on line 804

2022-11-10T20:08:44+00:00 CRITICAL Uncaught TypeError: Cannot access offset of type string on string in /home/deb131041n2/domains/somashome.be/public_html/wp-includes/rest-api/class-wp-rest-server.php:804
Stack trace:
#0 /home/deb131041n2/domains/somashome.be/public_html/wp-includes/rest-api.php(109): WP_REST_Server->register_route()
#1 /home/deb131041n2/domains/somashome.be/public_html/wp-content/themes/martfury/functions.php(522): register_rest_route()
#2 /home/deb131041n2/domains/somashome.be/public_html/wp-includes/class-wp-hook.php(307): {closure}()
#3 /home/deb131041n2/domains/somashome.be/public_html/wp-includes/class-wp-hook.php(331): WP_Hook->apply_filters()
#4 /home/deb131041n2/domains/somashome.be/public_html/wp-includes/plugin.php(476): WP_Hook->do_action()
#5 /home/deb131041n2/domains/somashome.be/public_html/wp-includes/rest-api.php(561): do_action()
#6 /home/deb131041n2/domains/somashome.be/public_html/wp-includes/rest-api.php(387): rest_get_server()
#7 /home/deb131041n2/domains/somashome.be/public_html/wp-includes/class-wp-hook.php(307): rest_api_loaded()
#8 /home/deb131041n2/domains/somashome.be/public_html/wp-includes/class-wp-hook.php(331): WP_Hook->apply_filters()
#9 /home/deb131041n2/domains/somashome.be/public_html/wp-includes/plugin.php(524): WP_Hook->do_action()
#10 /home/deb131041n2/domains/somashome.be/public_html/wp-includes/class-wp.php(398): do_action_ref_array()
#11 /home/deb131041n2/domains/somashome.be/public_html/wp-includes/class-wp.php(770): WP->parse_request()
#12 /home/deb131041n2/domains/somashome.be/public_html/wp-includes/functions.php(1330): WP->main()
#13 /home/deb131041n2/domains/somashome.be/public_html/wp-blog-header.php(16): wp()
#14 /home/deb131041n2/domains/somashome.be/public_html/index.php(17): require('/home/deb131041...')
#15 {main}
  thrown in /home/deb131041n2/domains/somashome.be/public_html/wp-includes/rest-api/class-wp-rest-server.php on line 804

2022-11-10T20:09:27+00:00 CRITICAL Uncaught TypeError: Cannot access offset of type string on string in /home/deb131041n2/domains/somashome.be/public_html/wp-includes/rest-api/class-wp-rest-server.php:804
Stack trace:
#0 /home/deb131041n2/domains/somashome.be/public_html/wp-includes/rest-api.php(109): WP_REST_Server->register_route()
#1 /home/deb131041n2/domains/somashome.be/public_html/wp-content/themes/martfury/functions.php(522): register_rest_route()
#2 /home/deb131041n2/domains/somashome.be/public_html/wp-includes/class-wp-hook.php(307): {closure}()
#3 /home/deb131041n2/domains/somashome.be/public_html/wp-includes/class-wp-hook.php(331): WP_Hook->apply_filters()
#4 /home/deb131041n2/domains/somashome.be/public_html/wp-includes/plugin.php(476): WP_Hook->do_action()
#5 /home/deb131041n2/domains/somashome.be/public_html/wp-includes/rest-api.php(561): do_action()
#6 /home/deb131041n2/domains/somashome.be/public_html/wp-includes/rest-api.php(387): rest_get_server()
#7 /home/deb131041n2/domains/somashome.be/public_html/wp-includes/class-wp-hook.php(307): rest_api_loaded()
#8 /home/deb131041n2/domains/somashome.be/public_html/wp-includes/class-wp-hook.php(331): WP_Hook->apply_filters()
#9 /home/deb131041n2/domains/somashome.be/public_html/wp-includes/plugin.php(524): WP_Hook->do_action()
#10 /home/deb131041n2/domains/somashome.be/public_html/wp-includes/class-wp.php(398): do_action_ref_array()
#11 /home/deb131041n2/domains/somashome.be/public_html/wp-includes/class-wp.php(770): WP->parse_request()
#12 /home/deb131041n2/domains/somashome.be/public_html/wp-includes/functions.php(1330): WP->main()
#13 /home/deb131041n2/domains/somashome.be/public_html/wp-blog-header.php(16): wp()
#14 /home/deb131041n2/domains/somashome.be/public_html/index.php(17): require('/home/deb131041...')
#15 {main}
  thrown in /home/deb131041n2/domains/somashome.be/public_html/wp-includes/rest-api/class-wp-rest-server.php on line 804

2022-11-10T20:09:35+00:00 CRITICAL Uncaught TypeError: Cannot access offset of type string on string in /home/deb131041n2/domains/somashome.be/public_html/wp-includes/rest-api/class-wp-rest-server.php:804
Stack trace:
#0 /home/deb131041n2/domains/somashome.be/public_html/wp-includes/rest-api.php(109): WP_REST_Server->register_route()
#1 /home/deb131041n2/domains/somashome.be/public_html/wp-content/themes/martfury/functions.php(522): register_rest_route()
#2 /home/deb131041n2/domains/somashome.be/public_html/wp-includes/class-wp-hook.php(307): {closure}()
#3 /home/deb131041n2/domains/somashome.be/public_html/wp-includes/class-wp-hook.php(331): WP_Hook->apply_filters()
#4 /home/deb131041n2/domains/somashome.be/public_html/wp-includes/plugin.php(476): WP_Hook->do_action()
#5 /home/deb131041n2/domains/somashome.be/public_html/wp-includes/rest-api.php(561): do_action()
#6 /home/deb131041n2/domains/somashome.be/public_html/wp-includes/rest-api.php(387): rest_get_server()
#7 /home/deb131041n2/domains/somashome.be/public_html/wp-includes/class-wp-hook.php(307): rest_api_loaded()
#8 /home/deb131041n2/domains/somashome.be/public_html/wp-includes/class-wp-hook.php(331): WP_Hook->apply_filters()
#9 /home/deb131041n2/domains/somashome.be/public_html/wp-includes/plugin.php(524): WP_Hook->do_action()
#10 /home/deb131041n2/domains/somashome.be/public_html/wp-includes/class-wp.php(398): do_action_ref_array()
#11 /home/deb131041n2/domains/somashome.be/public_html/wp-includes/class-wp.php(770): WP->parse_request()
#12 /home/deb131041n2/domains/somashome.be/public_html/wp-includes/functions.php(1330): WP->main()
#13 /home/deb131041n2/domains/somashome.be/public_html/wp-blog-header.php(16): wp()
#14 /home/deb131041n2/domains/somashome.be/public_html/index.php(17): require('/home/deb131041...')
#15 {main}
  thrown in /home/deb131041n2/domains/somashome.be/public_html/wp-includes/rest-api/class-wp-rest-server.php on line 804

2022-11-10T20:49:36+00:00 CRITICAL Uncaught ArgumentCountError: parse_str() expects exactly 2 arguments, 1 given in /home/deb131041n2/domains/somashome.be/public_html/wp-content/themes/martfury/functions.php:586
Stack trace:
#0 /home/deb131041n2/domains/somashome.be/public_html/wp-content/themes/martfury/functions.php(586): parse_str()
#1 /home/deb131041n2/domains/somashome.be/public_html/wp-includes/rest-api/class-wp-rest-server.php(1143): updateProduct()
#2 /home/deb131041n2/domains/somashome.be/public_html/wp-includes/rest-api/class-wp-rest-server.php(990): WP_REST_Server->respond_to_request()
#3 /home/deb131041n2/domains/somashome.be/public_html/wp-includes/rest-api/class-wp-rest-server.php(414): WP_REST_Server->dispatch()
#4 /home/deb131041n2/domains/somashome.be/public_html/wp-includes/rest-api.php(394): WP_REST_Server->serve_request()
#5 /home/deb131041n2/domains/somashome.be/public_html/wp-includes/class-wp-hook.php(307): rest_api_loaded()
#6 /home/deb131041n2/domains/somashome.be/public_html/wp-includes/class-wp-hook.php(331): WP_Hook->apply_filters()
#7 /home/deb131041n2/domains/somashome.be/public_html/wp-includes/plugin.php(524): WP_Hook->do_action()
#8 /home/deb131041n2/domains/somashome.be/public_html/wp-includes/class-wp.php(398): do_action_ref_array()
#9 /home/deb131041n2/domains/somashome.be/public_html/wp-includes/class-wp.php(770): WP->parse_request()
#10 /home/deb131041n2/domains/somashome.be/public_html/wp-includes/functions.php(1330): WP->main()
#11 /home/deb131041n2/domains/somashome.be/public_html/wp-blog-header.php(16): wp()
#12 /home/deb131041n2/domains/somashome.be/public_html/index.php(17): require('/home/deb131041...')
#13 {main}
  thrown in /home/deb131041n2/domains/somashome.be/public_html/wp-content/themes/martfury/functions.php on line 586

2022-11-10T20:55:10+00:00 CRITICAL Uncaught ArgumentCountError: parse_str() expects exactly 2 arguments, 1 given in /home/deb131041n2/domains/somashome.be/public_html/wp-content/themes/martfury/functions.php:586
Stack trace:
#0 /home/deb131041n2/domains/somashome.be/public_html/wp-content/themes/martfury/functions.php(586): parse_str()
#1 /home/deb131041n2/domains/somashome.be/public_html/wp-includes/rest-api/class-wp-rest-server.php(1143): updateProduct()
#2 /home/deb131041n2/domains/somashome.be/public_html/wp-includes/rest-api/class-wp-rest-server.php(990): WP_REST_Server->respond_to_request()
#3 /home/deb131041n2/domains/somashome.be/public_html/wp-includes/rest-api/class-wp-rest-server.php(414): WP_REST_Server->dispatch()
#4 /home/deb131041n2/domains/somashome.be/public_html/wp-includes/rest-api.php(394): WP_REST_Server->serve_request()
#5 /home/deb131041n2/domains/somashome.be/public_html/wp-includes/class-wp-hook.php(307): rest_api_loaded()
#6 /home/deb131041n2/domains/somashome.be/public_html/wp-includes/class-wp-hook.php(331): WP_Hook->apply_filters()
#7 /home/deb131041n2/domains/somashome.be/public_html/wp-includes/plugin.php(524): WP_Hook->do_action()
#8 /home/deb131041n2/domains/somashome.be/public_html/wp-includes/class-wp.php(398): do_action_ref_array()
#9 /home/deb131041n2/domains/somashome.be/public_html/wp-includes/class-wp.php(770): WP->parse_request()
#10 /home/deb131041n2/domains/somashome.be/public_html/wp-includes/functions.php(1330): WP->main()
#11 /home/deb131041n2/domains/somashome.be/public_html/wp-blog-header.php(16): wp()
#12 /home/deb131041n2/domains/somashome.be/public_html/index.php(17): require('/home/deb131041...')
#13 {main}
  thrown in /home/deb131041n2/domains/somashome.be/public_html/wp-content/themes/martfury/functions.php on line 586

2022-11-10T20:59:47+00:00 CRITICAL Uncaught TypeError: Cannot access offset of type string on string in /home/deb131041n2/domains/somashome.be/public_html/wp-content/themes/martfury/functions.php:585
Stack trace:
#0 /home/deb131041n2/domains/somashome.be/public_html/wp-includes/rest-api/class-wp-rest-server.php(1143): updateProduct()
#1 /home/deb131041n2/domains/somashome.be/public_html/wp-includes/rest-api/class-wp-rest-server.php(990): WP_REST_Server->respond_to_request()
#2 /home/deb131041n2/domains/somashome.be/public_html/wp-includes/rest-api/class-wp-rest-server.php(414): WP_REST_Server->dispatch()
#3 /home/deb131041n2/domains/somashome.be/public_html/wp-includes/rest-api.php(394): WP_REST_Server->serve_request()
#4 /home/deb131041n2/domains/somashome.be/public_html/wp-includes/class-wp-hook.php(307): rest_api_loaded()
#5 /home/deb131041n2/domains/somashome.be/public_html/wp-includes/class-wp-hook.php(331): WP_Hook->apply_filters()
#6 /home/deb131041n2/domains/somashome.be/public_html/wp-includes/plugin.php(524): WP_Hook->do_action()
#7 /home/deb131041n2/domains/somashome.be/public_html/wp-includes/class-wp.php(398): do_action_ref_array()
#8 /home/deb131041n2/domains/somashome.be/public_html/wp-includes/class-wp.php(770): WP->parse_request()
#9 /home/deb131041n2/domains/somashome.be/public_html/wp-includes/functions.php(1330): WP->main()
#10 /home/deb131041n2/domains/somashome.be/public_html/wp-blog-header.php(16): wp()
#11 /home/deb131041n2/domains/somashome.be/public_html/index.php(17): require('/home/deb131041...')
#12 {main}
  thrown in /home/deb131041n2/domains/somashome.be/public_html/wp-content/themes/martfury/functions.php on line 585

